<?xml version="1.0" encoding="UTF-8"?>
<!-- Generated by org.testng.reporters.JUnitReportReporter -->
<testsuite hostname="Krantis-MacBook-Air.local" failures="0" tests="8" name="com.bookstore.api.tests.BookApiTest" time="6.483" errors="0" timestamp="2025-06-26T16:04:50 IST" skipped="0">
  <testcase classname="com.bookstore.api.tests.BookApiTest" name="testLogin" time="5.499"/>
  <system-out/>
  <testcase classname="com.bookstore.api.tests.BookApiTest" name="testCreateBook" time="0.706"/>
  <system-out/>
  <testcase classname="com.bookstore.api.tests.BookApiTest" name="testGetBookById" time="0.066"/>
  <system-out/>
  <testcase classname="com.bookstore.api.tests.BookApiTest" name="testUpdateBook" time="0.040"/>
  <system-out/>
  <testcase classname="com.bookstore.api.tests.BookApiTest" name="testGetAllBooks" time="0.095"/>
  <system-out/>
  <testcase classname="com.bookstore.api.tests.BookApiTest" name="testDeleteBook" time="0.032"/>
  <system-out/>
  <testcase classname="com.bookstore.api.tests.BookApiTest" name="testGetDeletedBook" time="0.021"/>
  <system-out/>
  <testcase classname="com.bookstore.api.tests.BookApiTest" name="testCreateBookWithoutToken" time="0.024"/>
  <system-out/>
</testsuite> <!-- com.bookstore.api.tests.BookApiTest -->
